Starting Dapr with id tapr-2023-equipe4-microservprof-javascript. HTTP Port: 40361. gRPC Port: 42071
Updating metadata for cliPID: 68136
time="2023-12-05T00:36:53.587761579Z" level=info msg="Starting Dapr Runtime -- version 1.12.2 -- commit f954254ed520409602024ea6d507d0405afa1f07" app_id=tapr-2023-equipe4-microservprof-javascript instance=codespaces-44e732 scope=dapr.runtime type=log ver=1.12.2
time="2023-12-05T00:36:53.597196947Z" level=info msg="Log level set to: info" app_id=tapr-2023-equipe4-microservprof-javascript instance=codespaces-44e732 scope=dapr.runtime type=log ver=1.12.2
time="2023-12-05T00:36:53.610853003Z" level=warning msg="mTLS is disabled. Skipping certificate request and tls validation" app_id=tapr-2023-equipe4-microservprof-javascript instance=codespaces-44e732 scope=dapr.runtime.security type=log ver=1.12.2
time="2023-12-05T00:36:53.694223862Z" level=info msg="metrics server started on :43969/" app_id=tapr-2023-equipe4-microservprof-javascript instance=codespaces-44e732 scope=dapr.runtime type=log ver=1.12.2
time="2023-12-05T00:36:53.694264795Z" level=info msg="standalone mode configured" app_id=tapr-2023-equipe4-microservprof-javascript instance=codespaces-44e732 scope=dapr.runtime type=log ver=1.12.2
time="2023-12-05T00:36:53.695421792Z" level=info msg="app id: tapr-2023-equipe4-microservprof-javascript" app_id=tapr-2023-equipe4-microservprof-javascript instance=codespaces-44e732 scope=dapr.runtime type=log ver=1.12.2
time="2023-12-05T00:36:53.695509916Z" level=info msg="Dapr trace sampler initialized: DaprTraceSampler(P=1.000000)" app_id=tapr-2023-equipe4-microservprof-javascript instance=codespaces-44e732 scope=dapr.runtime type=log ver=1.12.2
time="2023-12-05T00:36:53.75665758Z" level=info msg="local service entry announced: tapr-2023-equipe4-microservprof-javascript -> 172.16.5.4:37007" app_id=tapr-2023-equipe4-microservprof-javascript component="mdns (nameResolution/v1)" instance=codespaces-44e732 scope=dapr.contrib type=log ver=1.12.2
time="2023-12-05T00:36:53.758296348Z" level=info msg="Initialized name resolution to mdns" app_id=tapr-2023-equipe4-microservprof-javascript instance=codespaces-44e732 scope=dapr.runtime type=log ver=1.12.2
time="2023-12-05T00:36:53.758414298Z" level=info msg="Loading components…" app_id=tapr-2023-equipe4-microservprof-javascript instance=codespaces-44e732 scope=dapr.runtime type=log ver=1.12.2
time="2023-12-05T00:36:53.818295741Z" level=info msg="Waiting for all outstanding components to be processed…" app_id=tapr-2023-equipe4-microservprof-javascript instance=codespaces-44e732 scope=dapr.runtime type=log ver=1.12.2
time="2023-12-05T00:36:56.819648068Z" level=info msg="Component loaded: servicebus-pubsub (pubsub.azure.servicebus.topics/v1)" app_id=tapr-2023-equipe4-microservprof-javascript instance=codespaces-44e732 scope=dapr.runtime type=log ver=1.12.2
time="2023-12-05T00:36:56.819732946Z" level=info msg="All outstanding components processed" app_id=tapr-2023-equipe4-microservprof-javascript instance=codespaces-44e732 scope=dapr.runtime type=log ver=1.12.2
time="2023-12-05T00:36:56.81976179Z" level=info msg="Loading endpoints…" app_id=tapr-2023-equipe4-microservprof-javascript instance=codespaces-44e732 scope=dapr.runtime type=log ver=1.12.2
time="2023-12-05T00:36:56.820106473Z" level=info msg="Waiting for all outstanding http endpoints to be processed…" app_id=tapr-2023-equipe4-microservprof-javascript instance=codespaces-44e732 scope=dapr.runtime type=log ver=1.12.2
time="2023-12-05T00:36:56.820139775Z" level=info msg="All outstanding http endpoints processed" app_id=tapr-2023-equipe4-microservprof-javascript instance=codespaces-44e732 scope=dapr.runtime type=log ver=1.12.2
time="2023-12-05T00:36:56.841644287Z" level=info msg="gRPC server listening on TCP address: :42071" app_id=tapr-2023-equipe4-microservprof-javascript instance=codespaces-44e732 scope=dapr.runtime.grpc.api type=log ver=1.12.2
time="2023-12-05T00:36:56.841937985Z" level=info msg="Enabled gRPC tracing middleware" app_id=tapr-2023-equipe4-microservprof-javascript instance=codespaces-44e732 scope=dapr.runtime.grpc.api type=log ver=1.12.2
time="2023-12-05T00:36:56.842201506Z" level=info msg="Enabled gRPC metrics middleware" app_id=tapr-2023-equipe4-microservprof-javascript instance=codespaces-44e732 scope=dapr.runtime.grpc.api type=log ver=1.12.2
time="2023-12-05T00:36:56.842317573Z" level=info msg="Registering workflow engine for gRPC endpoint: [::]:42071" app_id=tapr-2023-equipe4-microservprof-javascript instance=codespaces-44e732 scope=dapr.runtime.grpc.api type=log ver=1.12.2
time="2023-12-05T00:36:56.855324559Z" level=info msg="API gRPC server is running on port 42071" app_id=tapr-2023-equipe4-microservprof-javascript instance=codespaces-44e732 scope=dapr.runtime type=log ver=1.12.2
time="2023-12-05T00:36:56.867859194Z" level=info msg="Enabled max body size HTTP middleware with size 4 MB" app_id=tapr-2023-equipe4-microservprof-javascript instance=codespaces-44e732 scope=dapr.runtime.http type=log ver=1.12.2
time="2023-12-05T00:36:56.868144757Z" level=info msg="Enabled tracing HTTP middleware" app_id=tapr-2023-equipe4-microservprof-javascript instance=codespaces-44e732 scope=dapr.runtime.http type=log ver=1.12.2
time="2023-12-05T00:36:56.868182797Z" level=info msg="Enabled metrics HTTP middleware" app_id=tapr-2023-equipe4-microservprof-javascript instance=codespaces-44e732 scope=dapr.runtime.http type=log ver=1.12.2
time="2023-12-05T00:36:56.868580749Z" level=info msg="HTTP server listening on TCP address: :40361" app_id=tapr-2023-equipe4-microservprof-javascript instance=codespaces-44e732 scope=dapr.runtime.http type=log ver=1.12.2
time="2023-12-05T00:36:56.868807412Z" level=info msg="HTTP server is running on port 40361" app_id=tapr-2023-equipe4-microservprof-javascript instance=codespaces-44e732 scope=dapr.runtime type=log ver=1.12.2
time="2023-12-05T00:36:56.869045335Z" level=info msg="The request body size parameter is: 4" app_id=tapr-2023-equipe4-microservprof-javascript instance=codespaces-44e732 scope=dapr.runtime type=log ver=1.12.2
time="2023-12-05T00:36:56.869318354Z" level=info msg="gRPC server listening on TCP address: :37007" app_id=tapr-2023-equipe4-microservprof-javascript instance=codespaces-44e732 scope=dapr.runtime.grpc.internal type=log ver=1.12.2
time="2023-12-05T00:36:56.869363689Z" level=info msg="Enabled gRPC tracing middleware" app_id=tapr-2023-equipe4-microservprof-javascript instance=codespaces-44e732 scope=dapr.runtime.grpc.internal type=log ver=1.12.2
time="2023-12-05T00:36:56.869393634Z" level=info msg="Enabled gRPC metrics middleware" app_id=tapr-2023-equipe4-microservprof-javascript instance=codespaces-44e732 scope=dapr.runtime.grpc.internal type=log ver=1.12.2
time="2023-12-05T00:36:56.86946638Z" level=info msg="Internal gRPC server is running on port 37007" app_id=tapr-2023-equipe4-microservprof-javascript instance=codespaces-44e732 scope=dapr.runtime type=log ver=1.12.2
time="2023-12-05T00:36:56.869727938Z" level=info msg="application protocol: http. waiting on port 3000.  This will block until the app is listening on that port." app_id=tapr-2023-equipe4-microservprof-javascript instance=codespaces-44e732 scope=dapr.runtime type=log ver=1.12.2
time="2023-12-05T00:36:57.198663238Z" level=info msg="application discovered on port 3000" app_id=tapr-2023-equipe4-microservprof-javascript instance=codespaces-44e732 scope=dapr.runtime type=log ver=1.12.2
time="2023-12-05T00:36:57.333971085Z" level=info msg="Application configuration loaded" app_id=tapr-2023-equipe4-microservprof-javascript instance=codespaces-44e732 scope=dapr.runtime type=log ver=1.12.2
time="2023-12-05T00:36:57.334053459Z" level=info msg="actors: state store is not configured - this is okay for clients but services with hosted actors will fail to initialize!" app_id=tapr-2023-equipe4-microservprof-javascript instance=codespaces-44e732 scope=dapr.runtime type=log ver=1.12.2
time="2023-12-05T00:36:57.33667729Z" level=info msg="Actor runtime started. Actor idle timeout: 1h0m0s. Actor scan interval: 30s" app_id=tapr-2023-equipe4-microservprof-javascript instance=codespaces-44e732 scope=dapr.runtime.actor type=log ver=1.12.2
time="2023-12-05T00:36:57.336744846Z" level=info msg="Configuring workflow engine with actors backend" app_id=tapr-2023-equipe4-microservprof-javascript instance=codespaces-44e732 scope=dapr.runtime.wfengine type=log ver=1.12.2
time="2023-12-05T00:36:57.336776685Z" level=info msg="Registering component for dapr workflow engine..." app_id=tapr-2023-equipe4-microservprof-javascript instance=codespaces-44e732 scope=dapr.runtime type=log ver=1.12.2
time="2023-12-05T00:36:57.336818703Z" level=info msg="Initializing Dapr workflow component" app_id=tapr-2023-equipe4-microservprof-javascript component="dapr (workflow.dapr/v1)" instance=codespaces-44e732 scope=dapr.contrib type=log ver=1.12.2
time="2023-12-05T00:36:57.343238039Z" level=info msg="app is subscribed to the following topics: [topico-equipe-4-profe] through pubsub=servicebus-pubsub" app_id=tapr-2023-equipe4-microservprof-javascript instance=codespaces-44e732 scope=dapr.runtime.processor.pubsub type=log ver=1.12.2
time="2023-12-05T00:36:57.378908228Z" level=info msg="Placement tables updated, version: 0" app_id=tapr-2023-equipe4-microservprof-javascript instance=codespaces-44e732 scope=dapr.runtime.actors.placement type=log ver=1.12.2
Updating metadata for app command: npm run dev
Updating metadata for appPID: 68157
You're up and running! Dapr logs will appear here.

time="2023-12-05T00:37:02.526904671Z" level=info msg="dapr initialized. Status: Running. Init Elapsed 8832ms" app_id=tapr-2023-equipe4-microservprof-javascript instance=codespaces-44e732 scope=dapr.runtime type=log ver=1.12.2

termination signal received: shutting down
Exited Dapr successfully
Exited App successfully
